0 info it worked if it ends with ok
1 verbose cli [ 'node', '/usr/local/bin/npm', 'install', '-g', 'mocha' ]
2 info using npm@1.4.28
3 info using node@v0.10.35
4 verbose cache add [ 'mocha', null ]
5 verbose cache add name=undefined spec="mocha" args=["mocha",null]
6 verbose parsed url { protocol: null,
6 verbose parsed url   slashes: null,
6 verbose parsed url   auth: null,
6 verbose parsed url   host: null,
6 verbose parsed url   port: null,
6 verbose parsed url   hostname: null,
6 verbose parsed url   hash: null,
6 verbose parsed url   search: null,
6 verbose parsed url   query: null,
6 verbose parsed url   pathname: 'mocha',
6 verbose parsed url   path: 'mocha',
6 verbose parsed url   href: 'mocha' }
7 silly lockFile a619da43-mocha mocha
8 verbose lock mocha /Users/clarkj84/.npm/a619da43-mocha.lock
9 silly lockFile a619da43-mocha mocha
10 silly lockFile a619da43-mocha mocha
11 verbose addNamed [ 'mocha', '' ]
12 verbose addNamed [ null, '*' ]
13 silly lockFile b9899f31-mocha mocha@
14 verbose lock mocha@ /Users/clarkj84/.npm/b9899f31-mocha.lock
15 silly addNameRange { name: 'mocha', range: '*', hasData: false }
16 verbose request where is /mocha
17 verbose request registry https://registry.npmjs.org/
18 verbose request id 6bd7c6ad7fdc7372
19 verbose url raw /mocha
20 verbose url resolving [ 'https://registry.npmjs.org/', './mocha' ]
21 verbose url resolved https://registry.npmjs.org/mocha
22 verbose request where is https://registry.npmjs.org/mocha
23 info trying registry request attempt 1 at 09:37:41
24 verbose etag "5XD6QYQIBV6149WBCGOIQID5U"
25 http GET https://registry.npmjs.org/mocha
26 http 200 https://registry.npmjs.org/mocha
27 silly registry.get cb [ 200,
27 silly registry.get   { date: 'Thu, 26 Mar 2015 09:37:42 GMT',
27 silly registry.get     server: 'CouchDB/1.5.0 (Erlang OTP/R16B03)',
27 silly registry.get     etag: '"9LYR452BMBWW56PQGHT1CL6LL"',
27 silly registry.get     'content-type': 'application/json',
27 silly registry.get     'cache-control': 'max-age=60',
27 silly registry.get     'content-length': '114051',
27 silly registry.get     'accept-ranges': 'bytes',
27 silly registry.get     via: '1.1 varnish',
27 silly registry.get     age: '22',
27 silly registry.get     'x-served-by': 'cache-lcy1123-LCY',
27 silly registry.get     'x-cache': 'HIT',
27 silly registry.get     'x-cache-hits': '1',
27 silly registry.get     'x-timer': 'S1427362662.106218,VS0,VE0',
27 silly registry.get     vary: 'Accept',
27 silly registry.get     'keep-alive': 'timeout=10, max=50',
27 silly registry.get     connection: 'Keep-Alive' } ]
28 silly addNameRange number 2 { name: 'mocha', range: '*', hasData: true }
29 silly addNameRange versions [ 'mocha',
29 silly addNameRange   [ '0.0.1-alpha1',
29 silly addNameRange     '0.0.1-alpha2',
29 silly addNameRange     '0.0.1-alpha3',
29 silly addNameRange     '0.0.1-alpha4',
29 silly addNameRange     '0.0.1-alpha5',
29 silly addNameRange     '0.0.1-alpha6',
29 silly addNameRange     '0.0.1',
29 silly addNameRange     '0.0.2',
29 silly addNameRange     '0.0.3',
29 silly addNameRange     '0.0.4',
29 silly addNameRange     '0.0.5',
29 silly addNameRange     '0.0.6',
29 silly addNameRange     '0.0.7',
29 silly addNameRange     '0.0.8',
29 silly addNameRange     '0.1.0',
29 silly addNameRange     '0.2.0',
29 silly addNameRange     '0.3.0',
29 silly addNameRange     '0.3.1',
29 silly addNameRange     '0.3.2',
29 silly addNameRange     '0.3.3',
29 silly addNameRange     '0.3.4',
29 silly addNameRange     '0.3.6',
29 silly addNameRange     '0.4.0',
29 silly addNameRange     '0.5.0',
29 silly addNameRange     '0.6.0',
29 silly addNameRange     '0.7.0',
29 silly addNameRange     '0.7.1',
29 silly addNameRange     '0.8.0',
29 silly addNameRange     '0.8.1',
29 silly addNameRange     '0.9.0',
29 silly addNameRange     '0.10.0',
29 silly addNameRange     '0.10.1',
29 silly addNameRange     '0.10.2',
29 silly addNameRange     '0.11.0',
29 silly addNameRange     '0.12.0',
29 silly addNameRange     '0.12.1',
29 silly addNameRange     '0.13.0',
29 silly addNameRange     '0.14.0',
29 silly addNameRange     '0.14.1',
29 silly addNameRange     '1.0.0',
29 silly addNameRange     '1.0.1',
29 silly addNameRange     '1.0.2',
29 silly addNameRange     '1.0.3',
29 silly addNameRange     '1.1.0',
29 silly addNameRange     '1.2.0',
29 silly addNameRange     '1.2.1',
29 silly addNameRange     '1.2.2',
29 silly addNameRange     '1.3.0',
29 silly addNameRange     '1.3.1',
29 silly addNameRange     '1.3.2',
29 silly addNameRange     '1.4.0',
29 silly addNameRange     '1.4.1',
29 silly addNameRange     '1.4.2',
29 silly addNameRange     '1.4.3',
29 silly addNameRange     '1.5.0',
29 silly addNameRange     '1.6.0',
29 silly addNameRange     '1.7.0',
29 silly addNameRange     '1.7.1',
29 silly addNameRange     '1.7.2',
29 silly addNameRange     '1.7.3',
29 silly addNameRange     '1.7.4',
29 silly addNameRange     '1.8.0',
29 silly addNameRange     '1.8.1',
29 silly addNameRange     '1.8.2',
29 silly addNameRange     '1.9.0',
29 silly addNameRange     '1.10.0',
29 silly addNameRange     '1.11.0',
29 silly addNameRange     '1.12.0',
29 silly addNameRange     '1.12.1',
29 silly addNameRange     '1.13.0',
29 silly addNameRange     '1.14.0',
29 silly addNameRange     '1.15.0',
29 silly addNameRange     '1.15.1',
29 silly addNameRange     '1.16.0',
29 silly addNameRange     '1.16.1',
29 silly addNameRange     '1.16.2',
29 silly addNameRange     '1.17.0',
29 silly addNameRange     '1.17.1',
29 silly addNameRange     '1.18.0',
29 silly addNameRange     '1.18.1',
29 silly addNameRange     '1.18.2',
29 silly addNameRange     '1.19.0',
29 silly addNameRange     '1.20.0',
29 silly addNameRange     '1.20.1',
29 silly addNameRange     '1.21.0',
29 silly addNameRange     '1.21.1',
29 silly addNameRange     '1.21.2',
29 silly addNameRange     '1.21.3',
29 silly addNameRange     '1.21.4',
29 silly addNameRange     '1.21.5',
29 silly addNameRange     '2.0.0',
29 silly addNameRange     '2.0.1',
29 silly addNameRange     '2.1.0',
29 silly addNameRange     '2.2.0',
29 silly addNameRange     '2.2.1' ] ]
30 verbose addNamed [ 'mocha', '2.2.1' ]
31 verbose addNamed [ '2.2.1', '2.2.1' ]
32 silly lockFile cd740b7b-mocha-2-2-1 mocha@2.2.1
33 verbose lock mocha@2.2.1 /Users/clarkj84/.npm/cd740b7b-mocha-2-2-1.lock
34 silly lockFile 057f105d--npmjs-org-mocha-mocha-2-2-1-tgz https://registry.npmjs.org/mocha/-/mocha-2.2.1.tgz
35 verbose lock https://registry.npmjs.org/mocha/-/mocha-2.2.1.tgz /Users/clarkj84/.npm/057f105d--npmjs-org-mocha-mocha-2-2-1-tgz.lock
36 verbose addRemoteTarball [ 'https://registry.npmjs.org/mocha/-/mocha-2.2.1.tgz',
36 verbose addRemoteTarball   '04a2f8aeb149fe50177e00a7ef5d08c639e9126b' ]
37 info retry fetch attempt 1 at 09:37:42
38 verbose fetch to= /var/folders/b5/b4njm_cx49z5b4tyr30t_v15cnckp6/T/npm-1183-bN65uJtF/registry.npmjs.org/mocha/-/mocha-2.2.1.tgz
39 http GET https://registry.npmjs.org/mocha/-/mocha-2.2.1.tgz
40 http 200 https://registry.npmjs.org/mocha/-/mocha-2.2.1.tgz
41 silly lockFile 057f105d--npmjs-org-mocha-mocha-2-2-1-tgz https://registry.npmjs.org/mocha/-/mocha-2.2.1.tgz
42 silly lockFile 057f105d--npmjs-org-mocha-mocha-2-2-1-tgz https://registry.npmjs.org/mocha/-/mocha-2.2.1.tgz
43 silly lockFile cd740b7b-mocha-2-2-1 mocha@2.2.1
44 silly lockFile cd740b7b-mocha-2-2-1 mocha@2.2.1
45 silly lockFile b9899f31-mocha mocha@
46 silly lockFile b9899f31-mocha mocha@
47 error Error: EACCES, mkdir '/Users/clarkj84/.npm/mocha/2.2.1'
47 error  { [Error: EACCES, mkdir '/Users/clarkj84/.npm/mocha/2.2.1']
47 error   errno: 3,
47 error   code: 'EACCES',
47 error   path: '/Users/clarkj84/.npm/mocha/2.2.1' }
48 error Please try running this command again as root/Administrator.
49 error System Darwin 13.4.0
50 error command "node" "/usr/local/bin/npm" "install" "-g" "mocha"
51 error cwd /Users/clarkj84/workspace/CraftingCode
52 error node -v v0.10.35
53 error npm -v 1.4.28
54 error path /Users/clarkj84/.npm/mocha/2.2.1
55 error code EACCES
56 error errno 3
57 error stack Error: EACCES, mkdir '/Users/clarkj84/.npm/mocha/2.2.1'
58 verbose exit [ 3, true ]
